<?xml version="1.0" encoding="UTF-8" ?>
<testsuite failures="0" time="3.16" errors="0" skipped="0" tests="5" name="eu.masconsult.test.ItemServiceTest">
  <properties>
[...]
</properties>
  <testcase time="0.369" classname="eu.masconsult.test.ItemServiceTest" name="testAdd"/>
  <testcase time="0.019" classname="eu.masconsult.test.ItemServiceTest" name="testRemove"/>
  <testcase time="0.139" classname="eu.masconsult.test.ItemServiceTest" name="testAdjacent"/>
  <testcase time="0.266" classname="eu.masconsult.test.ItemServiceTest" name="testAllConnected"/>
  <testcase time="0.354" classname="eu.masconsult.test.ItemServiceTest" name="testLargestItemSet"/>
</testsuite>